<?xml version="1.0" encoding="UTF-8" ?>
<testsuite tests="14" failures="0" name="Runner" time="6.307" errors="0" skipped="0">
  <properties>
[...]
</properties>
  <testcase classname="Validar cadastro com sucesso no site Register" name="que eu acesso o site Register" time="2.859"/>
  <testcase classname="Validar cadastro com sucesso no site Register" name="preencho o campo nome com o valor &quot;Rangel&quot;" time="0.49"/>
  <testcase classname="Validar cadastro com sucesso no site Register" name="preencho o campo sobre nome com o valor &quot;Souza&quot;" time="0.204"/>
  <testcase classname="Validar cadastro com sucesso no site Register" name="preencho o campo endereço com o valor &quot;Rua Serra da Mantiqueira, 200&quot;" time="0.295"/>
  <testcase classname="Validar cadastro com sucesso no site Register" name="preencho o campo e-mail com o valor &quot;rangelsouza1987@yahoo.com.br&quot;" time="0.233"/>
  <testcase classname="Validar cadastro com sucesso no site Register" name="preencho o campo telefone com o valor &quot;11985729050&quot;" time="0.19"/>
  <testcase classname="Validar cadastro com sucesso no site Register" name="clico no radio bottom Male" time="0.168"/>
  <testcase classname="Validar cadastro com sucesso no site Register" name="clico no check box o valor Movies" time="0.1"/>
  <testcase classname="Validar cadastro com sucesso no site Register" name="seleciono no campo skills o valor &quot;Java&quot;" time="0.172"/>
  <testcase classname="Validar cadastro com sucesso no site Register" name="seleciono no campo Select Country o valor Japan" time="0.26"/>
  <testcase classname="Validar cadastro com sucesso no site Register" name="seleciono no campo year o valor &quot;1987&quot;" time="0.15"/>
  <testcase classname="Validar cadastro com sucesso no site Register" name="seleciono no campo month o valor &quot;October&quot;" time="0.149"/>
  <testcase classname="Validar cadastro com sucesso no site Register" name="seleciono no campo day o valor &quot;8&quot;" time="0.158"/>
  <testcase classname="Validar cadastro com sucesso no site Register" name="Validar cadastro com sucesso no site Register" time="0.879"/>
</testsuite>